

Version:	3.12
CmdLine:	D:\non college related\java\workspace\OxyC\oxyc_wrapper.exe --l4j-debug
WOW64:		yes
Working dir:	D:\non college related\java\workspace\OxyC\.
Java min ver:	1.008.000
Java max ver:	
64-bit search:	SOFTWARE\JavaSoft\Java Runtime Environment...
Check:		SOFTWARE\JavaSoft\Java Runtime Environment\1.8
Check launcher:	C:\Program Files\Java\jre1.8.0_231\bin\javaw.exe (OK)
Match:		1.008.000
Check:		SOFTWARE\JavaSoft\Java Runtime Environment\1.8.0_231
Check launcher:	C:\Program Files\Java\jre1.8.0_231\bin\javaw.exe (OK)
Match:		1.008.000_231
64-bit search:	SOFTWARE\JavaSoft\Java Development Kit...
Check:		SOFTWARE\JavaSoft\Java Development Kit\1.8
Ignore:		1.008.000
Check:		SOFTWARE\JavaSoft\Java Development Kit\1.8.0_111
Ignore:		1.008.000_111
64-bit search:	SOFTWARE\JavaSoft\JRE...
64-bit search:	SOFTWARE\JavaSoft\JDK...
Runtime used:	1.008.000_231 (64-bit)
Launcher:	C:\Program Files\Java\jre1.8.0_231\bin\javaw.exe
Launcher args:	-jar "D:\non college related\java\workspace\OxyC\oxyc_wrapper.exe" java -jar
Args length:	76/32768 chars
Exit code:	0


Version:	3.12
CmdLine:	D:\non college related\java\workspace\OxyC\oxyc_wrapper.exe --l4j-debug
WOW64:		yes
Working dir:	D:\non college related\java\workspace\OxyC\.
Java min ver:	1.008.000
Java max ver:	
Bundled JRE:	C:\Program Files (x86)\Common Files\Oracle\Java\javapath\java.exe
Check launcher:	C:\Program Files (x86)\Common Files\Oracle\Java\javapath\java.exe\bin\javaw.exe (not found)
64-bit search:	SOFTWARE\JavaSoft\Java Runtime Environment...
Check:		SOFTWARE\JavaSoft\Java Runtime Environment\1.8
Check launcher:	C:\Program Files\Java\jre1.8.0_231\bin\javaw.exe (OK)
Match:		1.008.000
Check:		SOFTWARE\JavaSoft\Java Runtime Environment\1.8.0_231
Check launcher:	C:\Program Files\Java\jre1.8.0_231\bin\javaw.exe (OK)
Match:		1.008.000_231
64-bit search:	SOFTWARE\JavaSoft\Java Development Kit...
Check:		SOFTWARE\JavaSoft\Java Development Kit\1.8
Ignore:		1.008.000
Check:		SOFTWARE\JavaSoft\Java Development Kit\1.8.0_111
Ignore:		1.008.000_111
64-bit search:	SOFTWARE\JavaSoft\JRE...
64-bit search:	SOFTWARE\JavaSoft\JDK...
Runtime used:	1.008.000_231 (64-bit)
Launcher:	C:\Program Files\Java\jre1.8.0_231\bin\javaw.exe
Launcher args:	-jar "D:\non college related\java\workspace\OxyC\oxyc_wrapper.exe" java -jar
Args length:	76/32768 chars
Exit code:	0
